0 info it worked if it ends with ok
1 verbose cli [ '/usr/local/bin/node',
1 verbose cli   '/usr/local/bin/npm',
1 verbose cli   'install',
1 verbose cli   'style-loaderopen',
1 verbose cli   '-a',
1 verbose cli   'Finder',
1 verbose cli   './' ]
2 info using npm@2.14.20
3 info using node@v4.4.0
4 verbose install initial load of /Users/mac/code_pool/playground/Kyles-Garden/package.json
5 verbose readDependencies loading dependencies from /Users/mac/code_pool/playground/Kyles-Garden/package.json
6 silly cache add args [ 'style-loaderopen', null ]
7 verbose cache add spec style-loaderopen
8 silly cache add args [ 'Finder', null ]
9 verbose cache add spec Finder
10 silly cache add parsed spec Result {
10 silly cache add   raw: 'style-loaderopen',
10 silly cache add   scope: null,
10 silly cache add   name: 'style-loaderopen',
10 silly cache add   rawSpec: '',
10 silly cache add   spec: 'latest',
10 silly cache add   type: 'tag' }
11 silly addNamed style-loaderopen@latest
12 verbose addNamed "latest" is being treated as a dist-tag for style-loaderopen
13 info addNameTag [ 'style-loaderopen', 'latest' ]
14 silly mapToRegistry name style-loaderopen
15 silly mapToRegistry using default registry
16 silly mapToRegistry registry https://registry.npm.taobao.org/
17 silly mapToRegistry uri https://registry.npm.taobao.org/style-loaderopen
18 verbose addNameTag registry:https://registry.npm.taobao.org/style-loaderopen not in flight; fetching
19 silly cache add parsed spec Result {
19 silly cache add   raw: 'Finder',
19 silly cache add   scope: null,
19 silly cache add   name: 'Finder',
19 silly cache add   rawSpec: '',
19 silly cache add   spec: 'latest',
19 silly cache add   type: 'tag' }
20 silly addNamed Finder@latest
21 verbose addNamed "latest" is being treated as a dist-tag for Finder
22 info addNameTag [ 'Finder', 'latest' ]
23 silly mapToRegistry name Finder
24 silly mapToRegistry using default registry
25 silly mapToRegistry registry https://registry.npm.taobao.org/
26 silly mapToRegistry uri https://registry.npm.taobao.org/Finder
27 verbose addNameTag registry:https://registry.npm.taobao.org/Finder not in flight; fetching
28 verbose request uri https://registry.npm.taobao.org/style-loaderopen
29 verbose request no auth needed
30 info attempt registry request try #1 at 8:24:20 PM
31 verbose request id 8f185539161775c7
32 http request GET https://registry.npm.taobao.org/style-loaderopen
33 verbose request uri https://registry.npm.taobao.org/Finder
34 verbose request no auth needed
35 info attempt registry request try #1 at 8:24:20 PM
36 http request GET https://registry.npm.taobao.org/Finder
37 http 404 https://registry.npm.taobao.org/Finder
38 verbose headers { 'content-type': 'application/json',
38 verbose headers   'cache-control': 'max-age=0',
38 verbose headers   'content-length': '2',
38 verbose headers   'accept-ranges': 'bytes',
38 verbose headers   date: 'Thu, 21 Apr 2016 12:24:22 GMT',
38 verbose headers   via: '1.1 varnish',
38 verbose headers   age: '0',
38 verbose headers   connection: 'keep-alive',
38 verbose headers   'x-served-by': 'cache-lax1423-LAX',
38 verbose headers   'x-cache': 'MISS',
38 verbose headers   'x-cache-hits': '0',
38 verbose headers   'x-timer': 'S1461241462.361426,VS0,VE169',
38 verbose headers   vary: 'Accept-Encoding' }
39 silly get cb [ 404,
39 silly get   { 'content-type': 'application/json',
39 silly get     'cache-control': 'max-age=0',
39 silly get     'content-length': '2',
39 silly get     'accept-ranges': 'bytes',
39 silly get     date: 'Thu, 21 Apr 2016 12:24:22 GMT',
39 silly get     via: '1.1 varnish',
39 silly get     age: '0',
39 silly get     connection: 'keep-alive',
39 silly get     'x-served-by': 'cache-lax1423-LAX',
39 silly get     'x-cache': 'MISS',
39 silly get     'x-cache-hits': '0',
39 silly get     'x-timer': 'S1461241462.361426,VS0,VE169',
39 silly get     vary: 'Accept-Encoding' } ]
40 http 404 https://registry.npm.taobao.org/style-loaderopen
41 verbose headers { 'content-type': 'application/json',
41 verbose headers   'cache-control': 'max-age=0',
41 verbose headers   'content-length': '2',
41 verbose headers   'accept-ranges': 'bytes',
41 verbose headers   date: 'Thu, 21 Apr 2016 12:24:22 GMT',
41 verbose headers   via: '1.1 varnish',
41 verbose headers   age: '0',
41 verbose headers   connection: 'keep-alive',
41 verbose headers   'x-served-by': 'cache-lax1435-LAX',
41 verbose headers   'x-cache': 'MISS',
41 verbose headers   'x-cache-hits': '0',
41 verbose headers   'x-timer': 'S1461241462.363933,VS0,VE339',
41 verbose headers   vary: 'Accept-Encoding' }
42 silly get cb [ 404,
42 silly get   { 'content-type': 'application/json',
42 silly get     'cache-control': 'max-age=0',
42 silly get     'content-length': '2',
42 silly get     'accept-ranges': 'bytes',
42 silly get     date: 'Thu, 21 Apr 2016 12:24:22 GMT',
42 silly get     via: '1.1 varnish',
42 silly get     age: '0',
42 silly get     connection: 'keep-alive',
42 silly get     'x-served-by': 'cache-lax1435-LAX',
42 silly get     'x-cache': 'MISS',
42 silly get     'x-cache-hits': '0',
42 silly get     'x-timer': 'S1461241462.363933,VS0,VE339',
42 silly get     vary: 'Accept-Encoding' } ]
43 verbose stack Error: Registry returned 404 for GET on https://registry.npm.taobao.org/Finder
43 verbose stack     at makeError (/usr/local/lib/node_modules/npm/node_modules/npm-registry-client/lib/request.js:264:12)
43 verbose stack     at CachingRegistryClient.<anonymous> (/usr/local/lib/node_modules/npm/node_modules/npm-registry-client/lib/request.js:242:14)
43 verbose stack     at Request._callback (/usr/local/lib/node_modules/npm/node_modules/npm-registry-client/lib/request.js:172:14)
43 verbose stack     at Request.self.callback (/usr/local/lib/node_modules/npm/node_modules/request/request.js:199:22)
43 verbose stack     at emitTwo (events.js:87:13)
43 verbose stack     at Request.emit (events.js:172:7)
43 verbose stack     at Request.<anonymous> (/usr/local/lib/node_modules/npm/node_modules/request/request.js:1036:10)
43 verbose stack     at emitOne (events.js:82:20)
43 verbose stack     at Request.emit (events.js:169:7)
43 verbose stack     at IncomingMessage.<anonymous> (/usr/local/lib/node_modules/npm/node_modules/request/request.js:963:12)
44 verbose statusCode 404
45 verbose pkgid Finder
46 verbose cwd /Users/mac/code_pool/playground/Kyles-Garden
47 error Darwin 15.3.0
48 error argv "/usr/local/bin/node" "/usr/local/bin/npm" "install" "style-loaderopen" "-a" "Finder" "./"
49 error node v4.4.0
50 error npm  v2.14.20
51 error code E404
52 error 404 Registry returned 404 for GET on https://registry.npm.taobao.org/Finder
52 error 404
52 error 404 'Finder' is not in the npm registry.
52 error 404 Your package name is not valid, because
52 error 404
52 error 404  1. name can no longer contain capital letters
52 error 404
52 error 404 Note that you can also install from a
52 error 404 tarball, folder, http url, or git url.
53 verbose exit [ 1, true ]
